<?xml version="1.0" encoding="UTF-8"?>
<!-- Generated by org.testng.reporters.JUnitReportReporter -->
<testsuite skipped="0" hostname="LAPTOP-OMB69JNR" name="test.AddCustomerTest" tests="1" failures="0" timestamp="2022-03-12T21:27:48 CST" time="9.008" errors="1">
  <testcase name="validUserShouldBeAbleToCreateCustomer" time="9.008" classname="test.AddCustomerTest">
    <error type="java.lang.StackOverflowError">
      <![CDATA[java.lang.StackOverflowError
at page.AddCustomerPage.selectFromDropDown(AddCustomerPage.java:51)
at page.AddCustomerPage.selectFromDropDown(AddCustomerPage.java:51)
at page.AddCustomerPage.selectFromDropDown(AddCustomerPage.java:51)
at page.AddCustomerPage.selectFromDropDown(AddCustomerPage.java:51)
at page.AddCustomerPage.selectFromDropDown(AddCustomerPage.java:51)
at page.AddCustomerPage.selectFromDropDown(AddCustomerPage.java:51)
at page.AddCustomerPage.selectFromDropDown(AddCustomerPage.java:51)
at page.AddCustomerPage.selectFromDropDown(AddCustomerPage.java:51)
at page.AddCustomerPage.selectFromDropDown(AddCustomerPage.java:51)
at page.AddCustomerPage.selectFromDropDown(AddCustomerPage.java:51)
at page.AddCustomerPage.selectFromDropDown(AddCustomerPage.java:51)
at page.AddCustomerPage.selectFromDropDown(AddCustomerPage.java:51)
at page.AddCustomerPage.selectFromDropDown(AddCustomerPage.java:51)
at page.AddCustomerPage.selectFromDropDown(AddCustomerPage.java:51)
at page.AddCustomerPage.selectFromDropDown(AddCustomerPage.java:51)
at page.AddCustomerPage.selectFromDropDown(AddCustomerPage.java:51)
at page.AddCustomerPage.selectFromDropDown(AddCustomerPage.java:51)
at page.AddCustomerPage.selectFromDropDown(AddCustomerPage.java:51)
at page.AddCustomerPage.selectFromDropDown(AddCustomerPage.java:51)
at page.AddCustomerPage.selectFromDropDown(AddCustomerPage.java:51)
at page.AddCustomerPage.selectFromDropDown(AddCustomerPage.java:51)
at page.AddCustomerPage.selectFromDropDown(AddCustomerPage.java:51)
at page.AddCustomerPage.selectFromDropDown(AddCustomerPage.java:51)
at page.AddCustomerPage.selectFromDropDown(AddCustomerPage.java:51)
at page.AddCustomerPage.selectFromDropDown(AddCustomerPage.java:51)
at page.AddCustomerPage.selectFromDropDown(AddCustomerPage.java:51)
at page.AddCustomerPage.selectFromDropDown(AddCustomerPage.java:51)
at page.AddCustomerPage.selectFromDropDown(AddCustomerPage.java:51)
at page.AddCustomerPage.selectFromDropDown(AddCustomerPage.java:51)
at page.AddCustomerPage.selectFromDropDown(AddCustomerPage.java:51)
at page.AddCustomerPage.selectFromDropDown(AddCustomerPage.java:51)
at page.AddCustomerPage.selectFromDropDown(AddCustomerPage.java:51)
at page.AddCustomerPage.selectFromDropDown(AddCustomerPage.java:51)
at page.AddCustomerPage.selectFromDropDown(AddCustomerPage.java:51)
at page.AddCustomerPage.selectFromDropDown(AddCustomerPage.java:51)
at page.AddCustomerPage.selectFromDropDown(AddCustomerPage.java:51)
at page.AddCustomerPage.selectFromDropDown(AddCustomerPage.java:51)
at page.AddCustomerPage.selectFromDropDown(AddCustomerPage.java:51)
at page.AddCustomerPage.selectFromDropDown(AddCustomerPage.java:51)
at page.AddCustomerPage.selectFromDropDown(AddCustomerPage.java:51)
at page.AddCustomerPage.selectFromDropDown(AddCustomerPage.java:51)
at page.AddCustomerPage.selectFromDropDown(AddCustomerPage.java:51)
at page.AddCustomerPage.selectFromDropDown(AddCustomerPage.java:51)
at page.AddCustomerPage.selectFromDropDown(AddCustomerPage.java:51)
at page.AddCustomerPage.selectFromDropDown(AddCustomerPage.java:51)
at page.AddCustomerPage.selectFromDropDown(AddCustomerPage.java:51)
at page.AddCustomerPage.selectFromDropDown(AddCustomerPage.java:51)
at page.AddCustomerPage.selectFromDropDown(AddCustomerPage.java:51)
at page.AddCustomerPage.selectFromDropDown(AddCustomerPage.java:51)
at page.AddCustomerPage.selectFromDropDown(AddCustomerPage.java:51)
at page.AddCustomerPage.selectFromDropDown(AddCustomerPage.java:51)
at page.AddCustomerPage.selectFromDropDown(AddCustomerPage.java:51)
at page.AddCustomerPage.selectFromDropDown(AddCustomerPage.java:51)
at page.AddCustomerPage.selectFromDropDown(AddCustomerPage.java:51)
at page.AddCustomerPage.selectFromDropDown(AddCustomerPage.java:51)
at page.AddCustomerPage.selectFromDropDown(AddCustomerPage.java:51)
at page.AddCustomerPage.selectFromDropDown(AddCustomerPage.java:51)
at page.AddCustomerPage.selectFromDropDown(AddCustomerPage.java:51)
at page.AddCustomerPage.selectFromDropDown(AddCustomerPage.java:51)
at page.AddCustomerPage.selectFromDropDown(AddCustomerPage.java:51)
at page.AddCustomerPage.selectFromDropDown(AddCustomerPage.java:51)
at page.AddCustomerPage.selectFromDropDown(AddCustomerPage.java:51)
at page.AddCustomerPage.selectFromDropDown(AddCustomerPage.java:51)
at page.AddCustomerPage.selectFromDropDown(AddCustomerPage.java:51)
at page.AddCustomerPage.selectFromDropDown(AddCustomerPage.java:51)
at page.AddCustomerPage.selectFromDropDown(AddCustomerPage.java:51)
at page.AddCustomerPage.selectFromDropDown(AddCustomerPage.java:51)
at page.AddCustomerPage.selectFromDropDown(AddCustomerPage.java:51)
at page.AddCustomerPage.selectFromDropDown(AddCustomerPage.java:51)
at page.AddCustomerPage.selectFromDropDown(AddCustomerPage.java:51)
at page.AddCustomerPage.selectFromDropDown(AddCustomerPage.java:51)
at page.AddCustomerPage.selectFromDropDown(AddCustomerPage.java:51)
at page.AddCustomerPage.selectFromDropDown(AddCustomerPage.java:51)
at page.AddCustomerPage.selectFromDropDown(AddCustomerPage.java:51)
at page.AddCustomerPage.selectFromDropDown(AddCustomerPage.java:51)
at page.AddCustomerPage.selectFromDropDown(AddCustomerPage.java:51)
at page.AddCustomerPage.selectFromDropDown(AddCustomerPage.java:51)
at page.AddCustomerPage.selectFromDropDown(AddCustomerPage.java:51)
at page.AddCustomerPage.selectFromDropDown(AddCustomerPage.java:51)
at page.AddCustomerPage.selectFromDropDown(AddCustomerPage.java:51)
at page.AddCustomerPage.selectFromDropDown(AddCustomerPage.java:51)
at page.AddCustomerPage.selectFromDropDown(AddCustomerPage.java:51)
at page.AddCustomerPage.selectFromDropDown(AddCustomerPage.java:51)
at page.AddCustomerPage.selectFromDropDown(AddCustomerPage.java:51)
at page.AddCustomerPage.selectFromDropDown(AddCustomerPage.java:51)
at page.AddCustomerPage.selectFromDropDown(AddCustomerPage.java:51)
at page.AddCustomerPage.selectFromDropDown(AddCustomerPage.java:51)
at page.AddCustomerPage.selectFromDropDown(AddCustomerPage.java:51)
at page.AddCustomerPage.selectFromDropDown(AddCustomerPage.java:51)
at page.AddCustomerPage.selectFromDropDown(AddCustomerPage.java:51)
at page.AddCustomerPage.selectFromDropDown(AddCustomerPage.java:51)
at page.AddCustomerPage.selectFromDropDown(AddCustomerPage.java:51)
at page.AddCustomerPage.selectFromDropDown(AddCustomerPage.java:51)
at page.AddCustomerPage.selectFromDropDown(AddCustomerPage.java:51)
at page.AddCustomerPage.selectFromDropDown(AddCustomerPage.java:51)
at page.AddCustomerPage.selectFromDropDown(AddCustomerPage.java:51)
at page.AddCustomerPage.selectFromDropDown(AddCustomerPage.java:51)
at page.AddCustomerPage.selectFromDropDown(AddCustomerPage.java:51)
at page.AddCustomerPage.selectFromDropDown(AddCustomerPage.java:51)
at page.AddCustomerPage.selectFromDropDown(AddCustomerPage.java:51)
at page.AddCustomerPage.selectFromDropDown(AddCustomerPage.java:51)
at page.AddCustomerPage.selectFromDropDown(AddCustomerPage.java:51)
at page.AddCustomerPage.selectFromDropDown(AddCustomerPage.java:51)
at page.AddCustomerPage.selectFromDropDown(AddCustomerPage.java:51)
at page.AddCustomerPage.selectFromDropDown(AddCustomerPage.java:51)
at page.AddCustomerPage.selectFromDropDown(AddCustomerPage.java:51)
at page.AddCustomerPage.selectFromDropDown(AddCustomerPage.java:51)
at page.AddCustomerPage.selectFromDropDown(AddCustomerPage.java:51)
at page.AddCustomerPage.selectFromDropDown(AddCustomerPage.java:51)
at page.AddCustomerPage.selectFromDropDown(AddCustomerPage.java:51)
at page.AddCustomerPage.selectFromDropDown(AddCustomerPage.java:51)
at page.AddCustomerPage.selectFromDropDown(AddCustomerPage.java:51)
at page.AddCustomerPage.selectFromDropDown(AddCustomerPage.java:51)
at page.AddCustomerPage.selectFromDropDown(AddCustomerPage.java:51)
at page.AddCustomerPage.selectFromDropDown(AddCustomerPage.java:51)
at page.AddCustomerPage.selectFromDropDown(AddCustomerPage.java:51)
at page.AddCustomerPage.selectFromDropDown(AddCustomerPage.java:51)
at page.AddCustomerPage.selectFromDropDown(AddCustomerPage.java:51)
at page.AddCustomerPage.selectFromDropDown(AddCustomerPage.java:51)
at page.AddCustomerPage.selectFromDropDown(AddCustomerPage.java:51)
at page.AddCustomerPage.selectFromDropDown(AddCustomerPage.java:51)
at page.AddCustomerPage.selectFromDropDown(AddCustomerPage.java:51)
at page.AddCustomerPage.selectFromDropDown(AddCustomerPage.java:51)
at page.AddCustomerPage.selectFromDropDown(AddCustomerPage.java:51)
at page.AddCustomerPage.selectFromDropDown(AddCustomerPage.java:51)
at page.AddCustomerPage.selectFromDropDown(AddCustomerPage.java:51)
at page.AddCustomerPage.selectFromDropDown(AddCustomerPage.java:51)
at page.AddCustomerPage.selectFromDropDown(AddCustomerPage.java:51)
at page.AddCustomerPage.selectFromDropDown(AddCustomerPage.java:51)
at page.AddCustomerPage.selectFromDropDown(AddCustomerPage.java:51)
at page.AddCustomerPage.selectFromDropDown(AddCustomerPage.java:51)
at page.AddCustomerPage.selectFromDropDown(AddCustomerPage.java:51)
at page.AddCustomerPage.selectFromDropDown(AddCustomerPage.java:51)
at page.AddCustomerPage.selectFromDropDown(AddCustomerPage.java:51)
at page.AddCustomerPage.selectFromDropDown(AddCustomerPage.java:51)
at page.AddCustomerPage.selectFromDropDown(AddCustomerPage.java:51)
at page.AddCustomerPage.selectFromDropDown(AddCustomerPage.java:51)
at page.AddCustomerPage.selectFromDropDown(AddCustomerPage.java:51)
at page.AddCustomerPage.selectFromDropDown(AddCustomerPage.java:51)
at page.AddCustomerPage.selectFromDropDown(AddCustomerPage.java:51)
at page.AddCustomerPage.selectFromDropDown(AddCustomerPage.java:51)
at page.AddCustomerPage.selectFromDropDown(AddCustomerPage.java:51)
at page.AddCustomerPage.selectFromDropDown(AddCustomerPage.java:51)
at page.AddCustomerPage.selectFromDropDown(AddCustomerPage.java:51)
at page.AddCustomerPage.selectFromDropDown(AddCustomerPage.java:51)
at page.AddCustomerPage.selectFromDropDown(AddCustomerPage.java:51)
at page.AddCustomerPage.selectFromDropDown(AddCustomerPage.java:51)
at page.AddCustomerPage.selectFromDropDown(AddCustomerPage.java:51)
at page.AddCustomerPage.selectFromDropDown(AddCustomerPage.java:51)
at page.AddCustomerPage.selectFromDropDown(AddCustomerPage.java:51)
at page.AddCustomerPage.selectFromDropDown(AddCustomerPage.java:51)
at page.AddCustomerPage.selectFromDropDown(AddCustomerPage.java:51)
at page.AddCustomerPage.selectFromDropDown(AddCustomerPage.java:51)
at page.AddCustomerPage.selectFromDropDown(AddCustomerPage.java:51)
at page.AddCustomerPage.selectFromDropDown(AddCustomerPage.java:51)
at page.AddCustomerPage.selectFromDropDown(AddCustomerPage.java:51)
at page.AddCustomerPage.selectFromDropDown(AddCustomerPage.java:51)
at page.AddCustomerPage.selectFromDropDown(AddCustomerPage.java:51)
at page.AddCustomerPage.selectFromDropDown(AddCustomerPage.java:51)
at page.AddCustomerPage.selectFromDropDown(AddCustomerPage.java:51)
at page.AddCustomerPage.selectFromDropDown(AddCustomerPage.java:51)
at page.AddCustomerPage.selectFromDropDown(AddCustomerPage.java:51)
at page.AddCustomerPage.selectFromDropDown(AddCustomerPage.java:51)
at page.AddCustomerPage.selectFromDropDown(AddCustomerPage.java:51)
at page.AddCustomerPage.selectFromDropDown(AddCustomerPage.java:51)
at page.AddCustomerPage.selectFromDropDown(AddCustomerPage.java:51)
at page.AddCustomerPage.selectFromDropDown(AddCustomerPage.java:51)
at page.AddCustomerPage.selectFromDropDown(AddCustomerPage.java:51)
at page.AddCustomerPage.selectFromDropDown(AddCustomerPage.java:51)
at page.AddCustomerPage.selectFromDropDown(AddCustomerPage.java:51)
at page.AddCustomerPage.selectFromDropDown(AddCustomerPage.java:51)
at page.AddCustomerPage.selectFromDropDown(AddCustomerPage.java:51)
at page.AddCustomerPage.selectFromDropDown(AddCustomerPage.java:51)
at page.AddCustomerPage.selectFromDropDown(AddCustomerPage.java:51)
at page.AddCustomerPage.selectFromDropDown(AddCustomerPage.java:51)
at page.AddCustomerPage.selectFromDropDown(AddCustomerPage.java:51)
at page.AddCustomerPage.selectFromDropDown(AddCustomerPage.java:51)
at page.AddCustomerPage.selectFromDropDown(AddCustomerPage.java:51)
at page.AddCustomerPage.selectFromDropDown(AddCustomerPage.java:51)
at page.AddCustomerPage.selectFromDropDown(AddCustomerPage.java:51)
at page.AddCustomerPage.selectFromDropDown(AddCustomerPage.java:51)
at page.AddCustomerPage.selectFromDropDown(AddCustomerPage.java:51)
at page.AddCustomerPage.selectFromDropDown(AddCustomerPage.java:51)
at page.AddCustomerPage.selectFromDropDown(AddCustomerPage.java:51)
at page.AddCustomerPage.selectFromDropDown(AddCustomerPage.java:51)
at page.AddCustomerPage.selectFromDropDown(AddCustomerPage.java:51)
at page.AddCustomerPage.selectFromDropDown(AddCustomerPage.java:51)
at page.AddCustomerPage.selectFromDropDown(AddCustomerPage.java:51)
at page.AddCustomerPage.selectFromDropDown(AddCustomerPage.java:51)
at page.AddCustomerPage.selectFromDropDown(AddCustomerPage.java:51)
at page.AddCustomerPage.selectFromDropDown(AddCustomerPage.java:51)
at page.AddCustomerPage.selectFromDropDown(AddCustomerPage.java:51)
at page.AddCustomerPage.selectFromDropDown(AddCustomerPage.java:51)
at page.AddCustomerPage.selectFromDropDown(AddCustomerPage.java:51)
at page.AddCustomerPage.selectFromDropDown(AddCustomerPage.java:51)
at page.AddCustomerPage.selectFromDropDown(AddCustomerPage.java:51)
at page.AddCustomerPage.selectFromDropDown(AddCustomerPage.java:51)
at page.AddCustomerPage.selectFromDropDown(AddCustomerPage.java:51)
at page.AddCustomerPage.selectFromDropDown(AddCustomerPage.java:51)
at page.AddCustomerPage.selectFromDropDown(AddCustomerPage.java:51)
at page.AddCustomerPage.selectFromDropDown(AddCustomerPage.java:51)
at page.AddCustomerPage.selectFromDropDown(AddCustomerPage.java:51)
at page.AddCustomerPage.selectFromDropDown(AddCustomerPage.java:51)
at page.AddCustomerPage.selectFromDropDown(AddCustomerPage.java:51)
at page.AddCustomerPage.selectFromDropDown(AddCustomerPage.java:51)
at page.AddCustomerPage.selectFromDropDown(AddCustomerPage.java:51)
at page.AddCustomerPage.selectFromDropDown(AddCustomerPage.java:51)
at page.AddCustomerPage.selectFromDropDown(AddCustomerPage.java:51)
at page.AddCustomerPage.selectFromDropDown(AddCustomerPage.java:51)
at page.AddCustomerPage.selectFromDropDown(AddCustomerPage.java:51)
at page.AddCustomerPage.selectFromDropDown(AddCustomerPage.java:51)
at page.AddCustomerPage.selectFromDropDown(AddCustomerPage.java:51)
at page.AddCustomerPage.selectFromDropDown(AddCustomerPage.java:51)
at page.AddCustomerPage.selectFromDropDown(AddCustomerPage.java:51)
at page.AddCustomerPage.selectFromDropDown(AddCustomerPage.java:51)
at page.AddCustomerPage.selectFromDropDown(AddCustomerPage.java:51)
at page.AddCustomerPage.selectFromDropDown(AddCustomerPage.java:51)
at page.AddCustomerPage.selectFromDropDown(AddCustomerPage.java:51)
at page.AddCustomerPage.selectFromDropDown(AddCustomerPage.java:51)
at page.AddCustomerPage.selectFromDropDown(AddCustomerPage.java:51)
at page.AddCustomerPage.selectFromDropDown(AddCustomerPage.java:51)
at page.AddCustomerPage.selectFromDropDown(AddCustomerPage.java:51)
at page.AddCustomerPage.selectFromDropDown(AddCustomerPage.java:51)
at page.AddCustomerPage.selectFromDropDown(AddCustomerPage.java:51)
at page.AddCustomerPage.selectFromDropDown(AddCustomerPage.java:51)
at page.AddCustomerPage.selectFromDropDown(AddCustomerPage.java:51)
at page.AddCustomerPage.selectFromDropDown(AddCustomerPage.java:51)
at page.AddCustomerPage.selectFromDropDown(AddCustomerPage.java:51)
at page.AddCustomerPage.selectFromDropDown(AddCustomerPage.java:51)
at page.AddCustomerPage.selectFromDropDown(AddCustomerPage.java:51)
at page.AddCustomerPage.selectFromDropDown(AddCustomerPage.java:51)
at page.AddCustomerPage.selectFromDropDown(AddCustomerPage.java:51)
at page.AddCustomerPage.selectFromDropDown(AddCustomerPage.java:51)
at page.AddCustomerPage.selectFromDropDown(AddCustomerPage.java:51)
at page.AddCustomerPage.selectFromDropDown(AddCustomerPage.java:51)
at page.AddCustomerPage.selectFromDropDown(AddCustomerPage.java:51)
at page.AddCustomerPage.selectFromDropDown(AddCustomerPage.java:51)
at page.AddCustomerPage.selectFromDropDown(AddCustomerPage.java:51)
at page.AddCustomerPage.selectFromDropDown(AddCustomerPage.java:51)
at page.AddCustomerPage.selectFromDropDown(AddCustomerPage.java:51)
at page.AddCustomerPage.selectFromDropDown(AddCustomerPage.java:51)
at page.AddCustomerPage.selectFromDropDown(AddCustomerPage.java:51)
at page.AddCustomerPage.selectFromDropDown(AddCustomerPage.java:51)
at page.AddCustomerPage.selectFromDropDown(AddCustomerPage.java:51)
at page.AddCustomerPage.selectFromDropDown(AddCustomerPage.java:51)
at page.AddCustomerPage.selectFromDropDown(AddCustomerPage.java:51)
at page.AddCustomerPage.selectFromDropDown(AddCustomerPage.java:51)
at page.AddCustomerPage.selectFromDropDown(AddCustomerPage.java:51)
at page.AddCustomerPage.selectFromDropDown(AddCustomerPage.java:51)
at page.AddCustomerPage.selectFromDropDown(AddCustomerPage.java:51)
at page.AddCustomerPage.selectFromDropDown(AddCustomerPage.java:51)
at page.AddCustomerPage.selectFromDropDown(AddCustomerPage.java:51)
at page.AddCustomerPage.selectFromDropDown(AddCustomerPage.java:51)
at page.AddCustomerPage.selectFromDropDown(AddCustomerPage.java:51)
at page.AddCustomerPage.selectFromDropDown(AddCustomerPage.java:51)
at page.AddCustomerPage.selectFromDropDown(AddCustomerPage.java:51)
at page.AddCustomerPage.selectFromDropDown(AddCustomerPage.java:51)
at page.AddCustomerPage.selectFromDropDown(AddCustomerPage.java:51)
at page.AddCustomerPage.selectFromDropDown(AddCustomerPage.java:51)
at page.AddCustomerPage.selectFromDropDown(AddCustomerPage.java:51)
at page.AddCustomerPage.selectFromDropDown(AddCustomerPage.java:51)
at page.AddCustomerPage.selectFromDropDown(AddCustomerPage.java:51)
at page.AddCustomerPage.selectFromDropDown(AddCustomerPage.java:51)
at page.AddCustomerPage.selectFromDropDown(AddCustomerPage.java:51)
at page.AddCustomerPage.selectFromDropDown(AddCustomerPage.java:51)
at page.AddCustomerPage.selectFromDropDown(AddCustomerPage.java:51)
at page.AddCustomerPage.selectFromDropDown(AddCustomerPage.java:51)
at page.AddCustomerPage.selectFromDropDown(AddCustomerPage.java:51)
at page.AddCustomerPage.selectFromDropDown(AddCustomerPage.java:51)
at page.AddCustomerPage.selectFromDropDown(AddCustomerPage.java:51)
at page.AddCustomerPage.selectFromDropDown(AddCustomerPage.java:51)
at page.AddCustomerPage.selectFromDropDown(AddCustomerPage.java:51)
at page.AddCustomerPage.selectFromDropDown(AddCustomerPage.java:51)
at page.AddCustomerPage.selectFromDropDown(AddCustomerPage.java:51)
at page.AddCustomerPage.selectFromDropDown(AddCustomerPage.java:51)
at page.AddCustomerPage.selectFromDropDown(AddCustomerPage.java:51)
at page.AddCustomerPage.selectFromDropDown(AddCustomerPage.java:51)
at page.AddCustomerPage.selectFromDropDown(AddCustomerPage.java:51)
at page.AddCustomerPage.selectFromDropDown(AddCustomerPage.java:51)
at page.AddCustomerPage.selectFromDropDown(AddCustomerPage.java:51)
at page.AddCustomerPage.selectFromDropDown(AddCustomerPage.java:51)
at page.AddCustomerPage.selectFromDropDown(AddCustomerPage.java:51)
at page.AddCustomerPage.selectFromDropDown(AddCustomerPage.java:51)
at page.AddCustomerPage.selectFromDropDown(AddCustomerPage.java:51)
at page.AddCustomerPage.selectFromDropDown(AddCustomerPage.java:51)
at page.AddCustomerPage.selectFromDropDown(AddCustomerPage.java:51)
at page.AddCustomerPage.selectFromDropDown(AddCustomerPage.java:51)
at page.AddCustomerPage.selectFromDropDown(AddCustomerPage.java:51)
at page.AddCustomerPage.selectFromDropDown(AddCustomerPage.java:51)
at page.AddCustomerPage.selectFromDropDown(AddCustomerPage.java:51)
at page.AddCustomerPage.selectFromDropDown(AddCustomerPage.java:51)
at page.AddCustomerPage.selectFromDropDown(AddCustomerPage.java:51)
at page.AddCustomerPage.selectFromDropDown(AddCustomerPage.java:51)
at page.AddCustomerPage.selectFromDropDown(AddCustomerPage.java:51)
at page.AddCustomerPage.selectFromDropDown(AddCustomerPage.java:51)
at page.AddCustomerPage.selectFromDropDown(AddCustomerPage.java:51)
at page.AddCustomerPage.selectFromDropDown(AddCustomerPage.java:51)
at page.AddCustomerPage.selectFromDropDown(AddCustomerPage.java:51)
at page.AddCustomerPage.selectFromDropDown(AddCustomerPage.java:51)
at page.AddCustomerPage.selectFromDropDown(AddCustomerPage.java:51)
at page.AddCustomerPage.selectFromDropDown(AddCustomerPage.java:51)
at page.AddCustomerPage.selectFromDropDown(AddCustomerPage.java:51)
at page.AddCustomerPage.selectFromDropDown(AddCustomerPage.java:51)
at page.AddCustomerPage.selectFromDropDown(AddCustomerPage.java:51)
at page.AddCustomerPage.selectFromDropDown(AddCustomerPage.java:51)
at page.AddCustomerPage.selectFromDropDown(AddCustomerPage.java:51)
at page.AddCustomerPage.selectFromDropDown(AddCustomerPage.java:51)
at page.AddCustomerPage.selectFromDropDown(AddCustomerPage.java:51)
at page.AddCustomerPage.selectFromDropDown(AddCustomerPage.java:51)
at page.AddCustomerPage.selectFromDropDown(AddCustomerPage.java:51)
at page.AddCustomerPage.selectFromDropDown(AddCustomerPage.java:51)
at page.AddCustomerPage.selectFromDropDown(AddCustomerPage.java:51)
at page.AddCustomerPage.selectFromDropDown(AddCustomerPage.java:51)
at page.AddCustomerPage.selectFromDropDown(AddCustomerPage.java:51)
at page.AddCustomerPage.selectFromDropDown(AddCustomerPage.java:51)
at page.AddCustomerPage.selectFromDropDown(AddCustomerPage.java:51)
at page.AddCustomerPage.selectFromDropDown(AddCustomerPage.java:51)
at page.AddCustomerPage.selectFromDropDown(AddCustomerPage.java:51)
at page.AddCustomerPage.selectFromDropDown(AddCustomerPage.java:51)
at page.AddCustomerPage.selectFromDropDown(AddCustomerPage.java:51)
at page.AddCustomerPage.selectFromDropDown(AddCustomerPage.java:51)
at page.AddCustomerPage.selectFromDropDown(AddCustomerPage.java:51)
at page.AddCustomerPage.selectFromDropDown(AddCustomerPage.java:51)
at page.AddCustomerPage.selectFromDropDown(AddCustomerPage.java:51)
at page.AddCustomerPage.selectFromDropDown(AddCustomerPage.java:51)
at page.AddCustomerPage.selectFromDropDown(AddCustomerPage.java:51)
at page.AddCustomerPage.selectFromDropDown(AddCustomerPage.java:51)
at page.AddCustomerPage.selectFromDropDown(AddCustomerPage.java:51)
at page.AddCustomerPage.selectFromDropDown(AddCustomerPage.java:51)
at page.AddCustomerPage.selectFromDropDown(AddCustomerPage.java:51)
at page.AddCustomerPage.selectFromDropDown(AddCustomerPage.java:51)
at page.AddCustomerPage.selectFromDropDown(AddCustomerPage.java:51)
at page.AddCustomerPage.selectFromDropDown(AddCustomerPage.java:51)
at page.AddCustomerPage.selectFromDropDown(AddCustomerPage.java:51)
at page.AddCustomerPage.selectFromDropDown(AddCustomerPage.java:51)
at page.AddCustomerPage.selectFromDropDown(AddCustomerPage.java:51)
at page.AddCustomerPage.selectFromDropDown(AddCustomerPage.java:51)
at page.AddCustomerPage.selectFromDropDown(AddCustomerPage.java:51)
at page.AddCustomerPage.selectFromDropDown(AddCustomerPage.java:51)
at page.AddCustomerPage.selectFromDropDown(AddCustomerPage.java:51)
at page.AddCustomerPage.selectFromDropDown(AddCustomerPage.java:51)
at page.AddCustomerPage.selectFromDropDown(AddCustomerPage.java:51)
at page.AddCustomerPage.selectFromDropDown(AddCustomerPage.java:51)
at page.AddCustomerPage.selectFromDropDown(AddCustomerPage.java:51)
at page.AddCustomerPage.selectFromDropDown(AddCustomerPage.java:51)
at page.AddCustomerPage.selectFromDropDown(AddCustomerPage.java:51)
at page.AddCustomerPage.selectFromDropDown(AddCustomerPage.java:51)
at page.AddCustomerPage.selectFromDropDown(AddCustomerPage.java:51)
at page.AddCustomerPage.selectFromDropDown(AddCustomerPage.java:51)
at page.AddCustomerPage.selectFromDropDown(AddCustomerPage.java:51)
at page.AddCustomerPage.selectFromDropDown(AddCustomerPage.java:51)
at page.AddCustomerPage.selectFromDropDown(AddCustomerPage.java:51)
at page.AddCustomerPage.selectFromDropDown(AddCustomerPage.java:51)
at page.AddCustomerPage.selectFromDropDown(AddCustomerPage.java:51)
at page.AddCustomerPage.selectFromDropDown(AddCustomerPage.java:51)
at page.AddCustomerPage.selectFromDropDown(AddCustomerPage.java:51)
at page.AddCustomerPage.selectFromDropDown(AddCustomerPage.java:51)
at page.AddCustomerPage.selectFromDropDown(AddCustomerPage.java:51)
at page.AddCustomerPage.selectFromDropDown(AddCustomerPage.java:51)
at page.AddCustomerPage.selectFromDropDown(AddCustomerPage.java:51)
at page.AddCustomerPage.selectFromDropDown(AddCustomerPage.java:51)
at page.AddCustomerPage.selectFromDropDown(AddCustomerPage.java:51)
at page.AddCustomerPage.selectFromDropDown(AddCustomerPage.java:51)
at page.AddCustomerPage.selectFromDropDown(AddCustomerPage.java:51)
at page.AddCustomerPage.selectFromDropDown(AddCustomerPage.java:51)
at page.AddCustomerPage.selectFromDropDown(AddCustomerPage.java:51)
at page.AddCustomerPage.selectFromDropDown(AddCustomerPage.java:51)
at page.AddCustomerPage.selectFromDropDown(AddCustomerPage.java:51)
at page.AddCustomerPage.selectFromDropDown(AddCustomerPage.java:51)
at page.AddCustomerPage.selectFromDropDown(AddCustomerPage.java:51)
at page.AddCustomerPage.selectFromDropDown(AddCustomerPage.java:51)
at page.AddCustomerPage.selectFromDropDown(AddCustomerPage.java:51)
at page.AddCustomerPage.selectFromDropDown(AddCustomerPage.java:51)
at page.AddCustomerPage.selectFromDropDown(AddCustomerPage.java:51)
at page.AddCustomerPage.selectFromDropDown(AddCustomerPage.java:51)
at page.AddCustomerPage.selectFromDropDown(AddCustomerPage.java:51)
at page.AddCustomerPage.selectFromDropDown(AddCustomerPage.java:51)
at page.AddCustomerPage.selectFromDropDown(AddCustomerPage.java:51)
at page.AddCustomerPage.selectFromDropDown(AddCustomerPage.java:51)
at page.AddCustomerPage.selectFromDropDown(AddCustomerPage.java:51)
at page.AddCustomerPage.selectFromDropDown(AddCustomerPage.java:51)
at page.AddCustomerPage.selectFromDropDown(AddCustomerPage.java:51)
at page.AddCustomerPage.selectFromDropDown(AddCustomerPage.java:51)
at page.AddCustomerPage.selectFromDropDown(AddCustomerPage.java:51)
at page.AddCustomerPage.selectFromDropDown(AddCustomerPage.java:51)
at page.AddCustomerPage.selectFromDropDown(AddCustomerPage.java:51)
at page.AddCustomerPage.selectFromDropDown(AddCustomerPage.java:51)
at page.AddCustomerPage.selectFromDropDown(AddCustomerPage.java:51)
at page.AddCustomerPage.selectFromDropDown(AddCustomerPage.java:51)
at page.AddCustomerPage.selectFromDropDown(AddCustomerPage.java:51)
at page.AddCustomerPage.selectFromDropDown(AddCustomerPage.java:51)
at page.AddCustomerPage.selectFromDropDown(AddCustomerPage.java:51)
at page.AddCustomerPage.selectFromDropDown(AddCustomerPage.java:51)
at page.AddCustomerPage.selectFromDropDown(AddCustomerPage.java:51)
at page.AddCustomerPage.selectFromDropDown(AddCustomerPage.java:51)
at page.AddCustomerPage.selectFromDropDown(AddCustomerPage.java:51)
at page.AddCustomerPage.selectFromDropDown(AddCustomerPage.java:51)
at page.AddCustomerPage.selectFromDropDown(AddCustomerPage.java:51)
at page.AddCustomerPage.selectFromDropDown(AddCustomerPage.java:51)
at page.AddCustomerPage.selectFromDropDown(AddCustomerPage.java:51)
at page.AddCustomerPage.selectFromDropDown(AddCustomerPage.java:51)
at page.AddCustomerPage.selectFromDropDown(AddCustomerPage.java:51)
at page.AddCustomerPage.selectFromDropDown(AddCustomerPage.java:51)
at page.AddCustomerPage.selectFromDropDown(AddCustomerPage.java:51)
at page.AddCustomerPage.selectFromDropDown(AddCustomerPage.java:51)
at page.AddCustomerPage.selectFromDropDown(AddCustomerPage.java:51)
at page.AddCustomerPage.selectFromDropDown(AddCustomerPage.java:51)
at page.AddCustomerPage.selectFromDropDown(AddCustomerPage.java:51)
at page.AddCustomerPage.selectFromDropDown(AddCustomerPage.java:51)
at page.AddCustomerPage.selectFromDropDown(AddCustomerPage.java:51)
at page.AddCustomerPage.selectFromDropDown(AddCustomerPage.java:51)
at page.AddCustomerPage.selectFromDropDown(AddCustomerPage.java:51)
at page.AddCustomerPage.selectFromDropDown(AddCustomerPage.java:51)
at page.AddCustomerPage.selectFromDropDown(AddCustomerPage.java:51)
at page.AddCustomerPage.selectFromDropDown(AddCustomerPage.java:51)
at page.AddCustomerPage.selectFromDropDown(AddCustomerPage.java:51)
at page.AddCustomerPage.selectFromDropDown(AddCustomerPage.java:51)
at page.AddCustomerPage.selectFromDropDown(AddCustomerPage.java:51)
at page.AddCustomerPage.selectFromDropDown(AddCustomerPage.java:51)
at page.AddCustomerPage.selectFromDropDown(AddCustomerPage.java:51)
at page.AddCustomerPage.selectFromDropDown(AddCustomerPage.java:51)
at page.AddCustomerPage.selectFromDropDown(AddCustomerPage.java:51)
at page.AddCustomerPage.selectFromDropDown(AddCustomerPage.java:51)
at page.AddCustomerPage.selectFromDropDown(AddCustomerPage.java:51)
at page.AddCustomerPage.selectFromDropDown(AddCustomerPage.java:51)
at page.AddCustomerPage.selectFromDropDown(AddCustomerPage.java:51)
at page.AddCustomerPage.selectFromDropDown(AddCustomerPage.java:51)
at page.AddCustomerPage.selectFromDropDown(AddCustomerPage.java:51)
at page.AddCustomerPage.selectFromDropDown(AddCustomerPage.java:51)
at page.AddCustomerPage.selectFromDropDown(AddCustomerPage.java:51)
at page.AddCustomerPage.selectFromDropDown(AddCustomerPage.java:51)
at page.AddCustomerPage.selectFromDropDown(AddCustomerPage.java:51)
at page.AddCustomerPage.selectFromDropDown(AddCustomerPage.java:51)
at page.AddCustomerPage.selectFromDropDown(AddCustomerPage.java:51)
at page.AddCustomerPage.selectFromDropDown(AddCustomerPage.java:51)
at page.AddCustomerPage.selectFromDropDown(AddCustomerPage.java:51)
at page.AddCustomerPage.selectFromDropDown(AddCustomerPage.java:51)
at page.AddCustomerPage.selectFromDropDown(AddCustomerPage.java:51)
at page.AddCustomerPage.selectFromDropDown(AddCustomerPage.java:51)
at page.AddCustomerPage.selectFromDropDown(AddCustomerPage.java:51)
at page.AddCustomerPage.selectFromDropDown(AddCustomerPage.java:51)
at page.AddCustomerPage.selectFromDropDown(AddCustomerPage.java:51)
at page.AddCustomerPage.selectFromDropDown(AddCustomerPage.java:51)
at page.AddCustomerPage.selectFromDropDown(AddCustomerPage.java:51)
at page.AddCustomerPage.selectFromDropDown(AddCustomerPage.java:51)
at page.AddCustomerPage.selectFromDropDown(AddCustomerPage.java:51)
at page.AddCustomerPage.selectFromDropDown(AddCustomerPage.java:51)
at page.AddCustomerPage.selectFromDropDown(AddCustomerPage.java:51)
at page.AddCustomerPage.selectFromDropDown(AddCustomerPage.java:51)
at page.AddCustomerPage.selectFromDropDown(AddCustomerPage.java:51)
at page.AddCustomerPage.selectFromDropDown(AddCustomerPage.java:51)
at page.AddCustomerPage.selectFromDropDown(AddCustomerPage.java:51)
at page.AddCustomerPage.selectFromDropDown(AddCustomerPage.java:51)
at page.AddCustomerPage.selectFromDropDown(AddCustomerPage.java:51)
at page.AddCustomerPage.selectFromDropDown(AddCustomerPage.java:51)
at page.AddCustomerPage.selectFromDropDown(AddCustomerPage.java:51)
at page.AddCustomerPage.selectFromDropDown(AddCustomerPage.java:51)
at page.AddCustomerPage.selectFromDropDown(AddCustomerPage.java:51)
at page.AddCustomerPage.selectFromDropDown(AddCustomerPage.java:51)
at page.AddCustomerPage.selectFromDropDown(AddCustomerPage.java:51)
at page.AddCustomerPage.selectFromDropDown(AddCustomerPage.java:51)
at page.AddCustomerPage.selectFromDropDown(AddCustomerPage.java:51)
at page.AddCustomerPage.selectFromDropDown(AddCustomerPage.java:51)
at page.AddCustomerPage.selectFromDropDown(AddCustomerPage.java:51)
at page.AddCustomerPage.selectFromDropDown(AddCustomerPage.java:51)
at page.AddCustomerPage.selectFromDropDown(AddCustomerPage.java:51)
at page.AddCustomerPage.selectFromDropDown(AddCustomerPage.java:51)
at page.AddCustomerPage.selectFromDropDown(AddCustomerPage.java:51)
at page.AddCustomerPage.selectFromDropDown(AddCustomerPage.java:51)
at page.AddCustomerPage.selectFromDropDown(AddCustomerPage.java:51)
at page.AddCustomerPage.selectFromDropDown(AddCustomerPage.java:51)
at page.AddCustomerPage.selectFromDropDown(AddCustomerPage.java:51)
at page.AddCustomerPage.selectFromDropDown(AddCustomerPage.java:51)
at page.AddCustomerPage.selectFromDropDown(AddCustomerPage.java:51)
at page.AddCustomerPage.selectFromDropDown(AddCustomerPage.java:51)
at page.AddCustomerPage.selectFromDropDown(AddCustomerPage.java:51)
at page.AddCustomerPage.selectFromDropDown(AddCustomerPage.java:51)
at page.AddCustomerPage.selectFromDropDown(AddCustomerPage.java:51)
at page.AddCustomerPage.selectFromDropDown(AddCustomerPage.java:51)
at page.AddCustomerPage.selectFromDropDown(AddCustomerPage.java:51)
at page.AddCustomerPage.selectFromDropDown(AddCustomerPage.java:51)
at page.AddCustomerPage.selectFromDropDown(AddCustomerPage.java:51)
at page.AddCustomerPage.selectFromDropDown(AddCustomerPage.java:51)
at page.AddCustomerPage.selectFromDropDown(AddCustomerPage.java:51)
at page.AddCustomerPage.selectFromDropDown(AddCustomerPage.java:51)
at page.AddCustomerPage.selectFromDropDown(AddCustomerPage.java:51)
at page.AddCustomerPage.selectFromDropDown(AddCustomerPage.java:51)
at page.AddCustomerPage.selectFromDropDown(AddCustomerPage.java:51)
at page.AddCustomerPage.selectFromDropDown(AddCustomerPage.java:51)
at page.AddCustomerPage.selectFromDropDown(AddCustomerPage.java:51)
at page.AddCustomerPage.selectFromDropDown(AddCustomerPage.java:51)
at page.AddCustomerPage.selectFromDropDown(AddCustomerPage.java:51)
at page.AddCustomerPage.selectFromDropDown(AddCustomerPage.java:51)
at page.AddCustomerPage.selectFromDropDown(AddCustomerPage.java:51)
at page.AddCustomerPage.selectFromDropDown(AddCustomerPage.java:51)
at page.AddCustomerPage.selectFromDropDown(AddCustomerPage.java:51)
at page.AddCustomerPage.selectFromDropDown(AddCustomerPage.java:51)
at page.AddCustomerPage.selectFromDropDown(AddCustomerPage.java:51)
at page.AddCustomerPage.selectFromDropDown(AddCustomerPage.java:51)
at page.AddCustomerPage.selectFromDropDown(AddCustomerPage.java:51)
at page.AddCustomerPage.selectFromDropDown(AddCustomerPage.java:51)
at page.AddCustomerPage.selectFromDropDown(AddCustomerPage.java:51)
at page.AddCustomerPage.selectFromDropDown(AddCustomerPage.java:51)
at page.AddCustomerPage.selectFromDropDown(AddCustomerPage.java:51)
at page.AddCustomerPage.selectFromDropDown(AddCustomerPage.java:51)
at page.AddCustomerPage.selectFromDropDown(AddCustomerPage.java:51)
at page.AddCustomerPage.selectFromDropDown(AddCustomerPage.java:51)
at page.AddCustomerPage.selectFromDropDown(AddCustomerPage.java:51)
at page.AddCustomerPage.selectFromDropDown(AddCustomerPage.java:51)
at page.AddCustomerPage.selectFromDropDown(AddCustomerPage.java:51)
at page.AddCustomerPage.selectFromDropDown(AddCustomerPage.java:51)
at page.AddCustomerPage.selectFromDropDown(AddCustomerPage.java:51)
at page.AddCustomerPage.selectFromDropDown(AddCustomerPage.java:51)
at page.AddCustomerPage.selectFromDropDown(AddCustomerPage.java:51)
at page.AddCustomerPage.selectFromDropDown(AddCustomerPage.java:51)
at page.AddCustomerPage.selectFromDropDown(AddCustomerPage.java:51)
at page.AddCustomerPage.selectFromDropDown(AddCustomerPage.java:51)
at page.AddCustomerPage.selectFromDropDown(AddCustomerPage.java:51)
at page.AddCustomerPage.selectFromDropDown(AddCustomerPage.java:51)
at page.AddCustomerPage.selectFromDropDown(AddCustomerPage.java:51)
at page.AddCustomerPage.selectFromDropDown(AddCustomerPage.java:51)
at page.AddCustomerPage.selectFromDropDown(AddCustomerPage.java:51)
at page.AddCustomerPage.selectFromDropDown(AddCustomerPage.java:51)
at page.AddCustomerPage.selectFromDropDown(AddCustomerPage.java:51)
at page.AddCustomerPage.selectFromDropDown(AddCustomerPage.java:51)
at page.AddCustomerPage.selectFromDropDown(AddCustomerPage.java:51)
at page.AddCustomerPage.selectFromDropDown(AddCustomerPage.java:51)
at page.AddCustomerPage.selectFromDropDown(AddCustomerPage.java:51)
at page.AddCustomerPage.selectFromDropDown(AddCustomerPage.java:51)
at page.AddCustomerPage.selectFromDropDown(AddCustomerPage.java:51)
at page.AddCustomerPage.selectFromDropDown(AddCustomerPage.java:51)
at page.AddCustomerPage.selectFromDropDown(AddCustomerPage.java:51)
at page.AddCustomerPage.selectFromDropDown(AddCustomerPage.java:51)
at page.AddCustomerPage.selectFromDropDown(AddCustomerPage.java:51)
at page.AddCustomerPage.selectFromDropDown(AddCustomerPage.java:51)
at page.AddCustomerPage.selectFromDropDown(AddCustomerPage.java:51)
at page.AddCustomerPage.selectFromDropDown(AddCustomerPage.java:51)
at page.AddCustomerPage.selectFromDropDown(AddCustomerPage.java:51)
at page.AddCustomerPage.selectFromDropDown(AddCustomerPage.java:51)
at page.AddCustomerPage.selectFromDropDown(AddCustomerPage.java:51)
at page.AddCustomerPage.selectFromDropDown(AddCustomerPage.java:51)
at page.AddCustomerPage.selectFromDropDown(AddCustomerPage.java:51)
at page.AddCustomerPage.selectFromDropDown(AddCustomerPage.java:51)
at page.AddCustomerPage.selectFromDropDown(AddCustomerPage.java:51)
at page.AddCustomerPage.selectFromDropDown(AddCustomerPage.java:51)
at page.AddCustomerPage.selectFromDropDown(AddCustomerPage.java:51)
at page.AddCustomerPage.selectFromDropDown(AddCustomerPage.java:51)
at page.AddCustomerPage.selectFromDropDown(AddCustomerPage.java:51)
at page.AddCustomerPage.selectFromDropDown(AddCustomerPage.java:51)
at page.AddCustomerPage.selectFromDropDown(AddCustomerPage.java:51)
at page.AddCustomerPage.selectFromDropDown(AddCustomerPage.java:51)
at page.AddCustomerPage.selectFromDropDown(AddCustomerPage.java:51)
at page.AddCustomerPage.selectFromDropDown(AddCustomerPage.java:51)
at page.AddCustomerPage.selectFromDropDown(AddCustomerPage.java:51)
at page.AddCustomerPage.selectFromDropDown(AddCustomerPage.java:51)
at page.AddCustomerPage.selectFromDropDown(AddCustomerPage.java:51)
at page.AddCustomerPage.selectFromDropDown(AddCustomerPage.java:51)
at page.AddCustomerPage.selectFromDropDown(AddCustomerPage.java:51)
at page.AddCustomerPage.selectFromDropDown(AddCustomerPage.java:51)
at page.AddCustomerPage.selectFromDropDown(AddCustomerPage.java:51)
at page.AddCustomerPage.selectFromDropDown(AddCustomerPage.java:51)
at page.AddCustomerPage.selectFromDropDown(AddCustomerPage.java:51)
at page.AddCustomerPage.selectFromDropDown(AddCustomerPage.java:51)
at page.AddCustomerPage.selectFromDropDown(AddCustomerPage.java:51)
at page.AddCustomerPage.selectFromDropDown(AddCustomerPage.java:51)
at page.AddCustomerPage.selectFromDropDown(AddCustomerPage.java:51)
at page.AddCustomerPage.selectFromDropDown(AddCustomerPage.java:51)
at page.AddCustomerPage.selectFromDropDown(AddCustomerPage.java:51)
at page.AddCustomerPage.selectFromDropDown(AddCustomerPage.java:51)
at page.AddCustomerPage.selectFromDropDown(AddCustomerPage.java:51)
at page.AddCustomerPage.selectFromDropDown(AddCustomerPage.java:51)
at page.AddCustomerPage.selectFromDropDown(AddCustomerPage.java:51)
at page.AddCustomerPage.selectFromDropDown(AddCustomerPage.java:51)
at page.AddCustomerPage.selectFromDropDown(AddCustomerPage.java:51)
at page.AddCustomerPage.selectFromDropDown(AddCustomerPage.java:51)
at page.AddCustomerPage.selectFromDropDown(AddCustomerPage.java:51)
at page.AddCustomerPage.selectFromDropDown(AddCustomerPage.java:51)
at page.AddCustomerPage.selectFromDropDown(AddCustomerPage.java:51)
at page.AddCustomerPage.selectFromDropDown(AddCustomerPage.java:51)
at page.AddCustomerPage.selectFromDropDown(AddCustomerPage.java:51)
at page.AddCustomerPage.selectFromDropDown(AddCustomerPage.java:51)
at page.AddCustomerPage.selectFromDropDown(AddCustomerPage.java:51)
at page.AddCustomerPage.selectFromDropDown(AddCustomerPage.java:51)
at page.AddCustomerPage.selectFromDropDown(AddCustomerPage.java:51)
at page.AddCustomerPage.selectFromDropDown(AddCustomerPage.java:51)
at page.AddCustomerPage.selectFromDropDown(AddCustomerPage.java:51)
at page.AddCustomerPage.selectFromDropDown(AddCustomerPage.java:51)
at page.AddCustomerPage.selectFromDropDown(AddCustomerPage.java:51)
at page.AddCustomerPage.selectFromDropDown(AddCustomerPage.java:51)
at page.AddCustomerPage.selectFromDropDown(AddCustomerPage.java:51)
at page.AddCustomerPage.selectFromDropDown(AddCustomerPage.java:51)
at page.AddCustomerPage.selectFromDropDown(AddCustomerPage.java:51)
at page.AddCustomerPage.selectFromDropDown(AddCustomerPage.java:51)
at page.AddCustomerPage.selectFromDropDown(AddCustomerPage.java:51)
at page.AddCustomerPage.selectFromDropDown(AddCustomerPage.java:51)
at page.AddCustomerPage.selectFromDropDown(AddCustomerPage.java:51)
at page.AddCustomerPage.selectFromDropDown(AddCustomerPage.java:51)
at page.AddCustomerPage.selectFromDropDown(AddCustomerPage.java:51)
at page.AddCustomerPage.selectFromDropDown(AddCustomerPage.java:51)
at page.AddCustomerPage.selectFromDropDown(AddCustomerPage.java:51)
at page.AddCustomerPage.selectFromDropDown(AddCustomerPage.java:51)
at page.AddCustomerPage.selectFromDropDown(AddCustomerPage.java:51)
at page.AddCustomerPage.selectFromDropDown(AddCustomerPage.java:51)
at page.AddCustomerPage.selectFromDropDown(AddCustomerPage.java:51)
at page.AddCustomerPage.selectFromDropDown(AddCustomerPage.java:51)
at page.AddCustomerPage.selectFromDropDown(AddCustomerPage.java:51)
at page.AddCustomerPage.selectFromDropDown(AddCustomerPage.java:51)
at page.AddCustomerPage.selectFromDropDown(AddCustomerPage.java:51)
at page.AddCustomerPage.selectFromDropDown(AddCustomerPage.java:51)
at page.AddCustomerPage.selectFromDropDown(AddCustomerPage.java:51)
at page.AddCustomerPage.selectFromDropDown(AddCustomerPage.java:51)
at page.AddCustomerPage.selectFromDropDown(AddCustomerPage.java:51)
at page.AddCustomerPage.selectFromDropDown(AddCustomerPage.java:51)
at page.AddCustomerPage.selectFromDropDown(AddCustomerPage.java:51)
at page.AddCustomerPage.selectFromDropDown(AddCustomerPage.java:51)
at page.AddCustomerPage.selectFromDropDown(AddCustomerPage.java:51)
at page.AddCustomerPage.selectFromDropDown(AddCustomerPage.java:51)
at page.AddCustomerPage.selectFromDropDown(AddCustomerPage.java:51)
at page.AddCustomerPage.selectFromDropDown(AddCustomerPage.java:51)
at page.AddCustomerPage.selectFromDropDown(AddCustomerPage.java:51)
at page.AddCustomerPage.selectFromDropDown(AddCustomerPage.java:51)
at page.AddCustomerPage.selectFromDropDown(AddCustomerPage.java:51)
at page.AddCustomerPage.selectFromDropDown(AddCustomerPage.java:51)
at page.AddCustomerPage.selectFromDropDown(AddCustomerPage.java:51)
at page.AddCustomerPage.selectFromDropDown(AddCustomerPage.java:51)
at page.AddCustomerPage.selectFromDropDown(AddCustomerPage.java:51)
at page.AddCustomerPage.selectFromDropDown(AddCustomerPage.java:51)
at page.AddCustomerPage.selectFromDropDown(AddCustomerPage.java:51)
at page.AddCustomerPage.selectFromDropDown(AddCustomerPage.java:51)
at page.AddCustomerPage.selectFromDropDown(AddCustomerPage.java:51)
at page.AddCustomerPage.selectFromDropDown(AddCustomerPage.java:51)
at page.AddCustomerPage.selectFromDropDown(AddCustomerPage.java:51)
at page.AddCustomerPage.selectFromDropDown(AddCustomerPage.java:51)
at page.AddCustomerPage.selectFromDropDown(AddCustomerPage.java:51)
at page.AddCustomerPage.selectFromDropDown(AddCustomerPage.java:51)
at page.AddCustomerPage.selectFromDropDown(AddCustomerPage.java:51)
at page.AddCustomerPage.selectFromDropDown(AddCustomerPage.java:51)
at page.AddCustomerPage.selectFromDropDown(AddCustomerPage.java:51)
at page.AddCustomerPage.selectFromDropDown(AddCustomerPage.java:51)
at page.AddCustomerPage.selectFromDropDown(AddCustomerPage.java:51)
at page.AddCustomerPage.selectFromDropDown(AddCustomerPage.java:51)
at page.AddCustomerPage.selectFromDropDown(AddCustomerPage.java:51)
at page.AddCustomerPage.selectFromDropDown(AddCustomerPage.java:51)
at page.AddCustomerPage.selectFromDropDown(AddCustomerPage.java:51)
at page.AddCustomerPage.selectFromDropDown(AddCustomerPage.java:51)
at page.AddCustomerPage.selectFromDropDown(AddCustomerPage.java:51)
at page.AddCustomerPage.selectFromDropDown(AddCustomerPage.java:51)
at page.AddCustomerPage.selectFromDropDown(AddCustomerPage.java:51)
at page.AddCustomerPage.selectFromDropDown(AddCustomerPage.java:51)
at page.AddCustomerPage.selectFromDropDown(AddCustomerPage.java:51)
at page.AddCustomerPage.selectFromDropDown(AddCustomerPage.java:51)
at page.AddCustomerPage.selectFromDropDown(AddCustomerPage.java:51)
at page.AddCustomerPage.selectFromDropDown(AddCustomerPage.java:51)
at page.AddCustomerPage.selectFromDropDown(AddCustomerPage.java:51)
at page.AddCustomerPage.selectFromDropDown(AddCustomerPage.java:51)
at page.AddCustomerPage.selectFromDropDown(AddCustomerPage.java:51)
at page.AddCustomerPage.selectFromDropDown(AddCustomerPage.java:51)
at page.AddCustomerPage.selectFromDropDown(AddCustomerPage.java:51)
at page.AddCustomerPage.selectFromDropDown(AddCustomerPage.java:51)
at page.AddCustomerPage.selectFromDropDown(AddCustomerPage.java:51)
at page.AddCustomerPage.selectFromDropDown(AddCustomerPage.java:51)
at page.AddCustomerPage.selectFromDropDown(AddCustomerPage.java:51)
at page.AddCustomerPage.selectFromDropDown(AddCustomerPage.java:51)
at page.AddCustomerPage.selectFromDropDown(AddCustomerPage.java:51)
at page.AddCustomerPage.selectFromDropDown(AddCustomerPage.java:51)
at page.AddCustomerPage.selectFromDropDown(AddCustomerPage.java:51)
at page.AddCustomerPage.selectFromDropDown(AddCustomerPage.java:51)
at page.AddCustomerPage.selectFromDropDown(AddCustomerPage.java:51)
at page.AddCustomerPage.selectFromDropDown(AddCustomerPage.java:51)
at page.AddCustomerPage.selectFromDropDown(AddCustomerPage.java:51)
at page.AddCustomerPage.selectFromDropDown(AddCustomerPage.java:51)
at page.AddCustomerPage.selectFromDropDown(AddCustomerPage.java:51)
at page.AddCustomerPage.selectFromDropDown(AddCustomerPage.java:51)
at page.AddCustomerPage.selectFromDropDown(AddCustomerPage.java:51)
at page.AddCustomerPage.selectFromDropDown(AddCustomerPage.java:51)
at page.AddCustomerPage.selectFromDropDown(AddCustomerPage.java:51)
at page.AddCustomerPage.selectFromDropDown(AddCustomerPage.java:51)
at page.AddCustomerPage.selectFromDropDown(AddCustomerPage.java:51)
at page.AddCustomerPage.selectFromDropDown(AddCustomerPage.java:51)
at page.AddCustomerPage.selectFromDropDown(AddCustomerPage.java:51)
at page.AddCustomerPage.selectFromDropDown(AddCustomerPage.java:51)
at page.AddCustomerPage.selectFromDropDown(AddCustomerPage.java:51)
at page.AddCustomerPage.selectFromDropDown(AddCustomerPage.java:51)
at page.AddCustomerPage.selectFromDropDown(AddCustomerPage.java:51)
at page.AddCustomerPage.selectFromDropDown(AddCustomerPage.java:51)
at page.AddCustomerPage.selectFromDropDown(AddCustomerPage.java:51)
at page.AddCustomerPage.selectFromDropDown(AddCustomerPage.java:51)
at page.AddCustomerPage.selectFromDropDown(AddCustomerPage.java:51)
at page.AddCustomerPage.selectFromDropDown(AddCustomerPage.java:51)
at page.AddCustomerPage.selectFromDropDown(AddCustomerPage.java:51)
at page.AddCustomerPage.selectFromDropDown(AddCustomerPage.java:51)
at page.AddCustomerPage.selectFromDropDown(AddCustomerPage.java:51)
at page.AddCustomerPage.selectFromDropDown(AddCustomerPage.java:51)
at page.AddCustomerPage.selectFromDropDown(AddCustomerPage.java:51)
at page.AddCustomerPage.selectFromDropDown(AddCustomerPage.java:51)
at page.AddCustomerPage.selectFromDropDown(AddCustomerPage.java:51)
at page.AddCustomerPage.selectFromDropDown(AddCustomerPage.java:51)
at page.AddCustomerPage.selectFromDropDown(AddCustomerPage.java:51)
at page.AddCustomerPage.selectFromDropDown(AddCustomerPage.java:51)
at page.AddCustomerPage.selectFromDropDown(AddCustomerPage.java:51)
at page.AddCustomerPage.selectFromDropDown(AddCustomerPage.java:51)
at page.AddCustomerPage.selectFromDropDown(AddCustomerPage.java:51)
at page.AddCustomerPage.selectFromDropDown(AddCustomerPage.java:51)
at page.AddCustomerPage.selectFromDropDown(AddCustomerPage.java:51)
at page.AddCustomerPage.selectFromDropDown(AddCustomerPage.java:51)
at page.AddCustomerPage.selectFromDropDown(AddCustomerPage.java:51)
at page.AddCustomerPage.selectFromDropDown(AddCustomerPage.java:51)
at page.AddCustomerPage.selectFromDropDown(AddCustomerPage.java:51)
at page.AddCustomerPage.selectFromDropDown(AddCustomerPage.java:51)
at page.AddCustomerPage.selectFromDropDown(AddCustomerPage.java:51)
at page.AddCustomerPage.selectFromDropDown(AddCustomerPage.java:51)
at page.AddCustomerPage.selectFromDropDown(AddCustomerPage.java:51)
at page.AddCustomerPage.selectFromDropDown(AddCustomerPage.java:51)
at page.AddCustomerPage.selectFromDropDown(AddCustomerPage.java:51)
at page.AddCustomerPage.selectFromDropDown(AddCustomerPage.java:51)
at page.AddCustomerPage.selectFromDropDown(AddCustomerPage.java:51)
at page.AddCustomerPage.selectFromDropDown(AddCustomerPage.java:51)
at page.AddCustomerPage.selectFromDropDown(AddCustomerPage.java:51)
at page.AddCustomerPage.selectFromDropDown(AddCustomerPage.java:51)
at page.AddCustomerPage.selectFromDropDown(AddCustomerPage.java:51)
at page.AddCustomerPage.selectFromDropDown(AddCustomerPage.java:51)
at page.AddCustomerPage.selectFromDropDown(AddCustomerPage.java:51)
at page.AddCustomerPage.selectFromDropDown(AddCustomerPage.java:51)
at page.AddCustomerPage.selectFromDropDown(AddCustomerPage.java:51)
at page.AddCustomerPage.selectFromDropDown(AddCustomerPage.java:51)
at page.AddCustomerPage.selectFromDropDown(AddCustomerPage.java:51)
at page.AddCustomerPage.selectFromDropDown(AddCustomerPage.java:51)
at page.AddCustomerPage.selectFromDropDown(AddCustomerPage.java:51)
at page.AddCustomerPage.selectFromDropDown(AddCustomerPage.java:51)
at page.AddCustomerPage.selectFromDropDown(AddCustomerPage.java:51)
at page.AddCustomerPage.selectFromDropDown(AddCustomerPage.java:51)
at page.AddCustomerPage.selectFromDropDown(AddCustomerPage.java:51)
at page.AddCustomerPage.selectFromDropDown(AddCustomerPage.java:51)
at page.AddCustomerPage.selectFromDropDown(AddCustomerPage.java:51)
at page.AddCustomerPage.selectFromDropDown(AddCustomerPage.java:51)
at page.AddCustomerPage.selectFromDropDown(AddCustomerPage.java:51)
at page.AddCustomerPage.selectFromDropDown(AddCustomerPage.java:51)
at page.AddCustomerPage.selectFromDropDown(AddCustomerPage.java:51)
at page.AddCustomerPage.selectFromDropDown(AddCustomerPage.java:51)
at page.AddCustomerPage.selectFromDropDown(AddCustomerPage.java:51)
at page.AddCustomerPage.selectFromDropDown(AddCustomerPage.java:51)
at page.AddCustomerPage.selectFromDropDown(AddCustomerPage.java:51)
at page.AddCustomerPage.selectFromDropDown(AddCustomerPage.java:51)
at page.AddCustomerPage.selectFromDropDown(AddCustomerPage.java:51)
at page.AddCustomerPage.selectFromDropDown(AddCustomerPage.java:51)
at page.AddCustomerPage.selectFromDropDown(AddCustomerPage.java:51)
at page.AddCustomerPage.selectFromDropDown(AddCustomerPage.java:51)
at page.AddCustomerPage.selectFromDropDown(AddCustomerPage.java:51)
at page.AddCustomerPage.selectFromDropDown(AddCustomerPage.java:51)
at page.AddCustomerPage.selectFromDropDown(AddCustomerPage.java:51)
at page.AddCustomerPage.selectFromDropDown(AddCustomerPage.java:51)
at page.AddCustomerPage.selectFromDropDown(AddCustomerPage.java:51)
at page.AddCustomerPage.selectFromDropDown(AddCustomerPage.java:51)
at page.AddCustomerPage.selectFromDropDown(AddCustomerPage.java:51)
at page.AddCustomerPage.selectFromDropDown(AddCustomerPage.java:51)
at page.AddCustomerPage.selectFromDropDown(AddCustomerPage.java:51)
at page.AddCustomerPage.selectFromDropDown(AddCustomerPage.java:51)
at page.AddCustomerPage.selectFromDropDown(AddCustomerPage.java:51)
at page.AddCustomerPage.selectFromDropDown(AddCustomerPage.java:51)
at page.AddCustomerPage.selectFromDropDown(AddCustomerPage.java:51)
at page.AddCustomerPage.selectFromDropDown(AddCustomerPage.java:51)
at page.AddCustomerPage.selectFromDropDown(AddCustomerPage.java:51)
at page.AddCustomerPage.selectFromDropDown(AddCustomerPage.java:51)
at page.AddCustomerPage.selectFromDropDown(AddCustomerPage.java:51)
at page.AddCustomerPage.selectFromDropDown(AddCustomerPage.java:51)
at page.AddCustomerPage.selectFromDropDown(AddCustomerPage.java:51)
at page.AddCustomerPage.selectFromDropDown(AddCustomerPage.java:51)
at page.AddCustomerPage.selectFromDropDown(AddCustomerPage.java:51)
at page.AddCustomerPage.selectFromDropDown(AddCustomerPage.java:51)
at page.AddCustomerPage.selectFromDropDown(AddCustomerPage.java:51)
at page.AddCustomerPage.selectFromDropDown(AddCustomerPage.java:51)
at page.AddCustomerPage.selectFromDropDown(AddCustomerPage.java:51)
at page.AddCustomerPage.selectFromDropDown(AddCustomerPage.java:51)
at page.AddCustomerPage.selectFromDropDown(AddCustomerPage.java:51)
at page.AddCustomerPage.selectFromDropDown(AddCustomerPage.java:51)
at page.AddCustomerPage.selectFromDropDown(AddCustomerPage.java:51)
at page.AddCustomerPage.selectFromDropDown(AddCustomerPage.java:51)
at page.AddCustomerPage.selectFromDropDown(AddCustomerPage.java:51)
at page.AddCustomerPage.selectFromDropDown(AddCustomerPage.java:51)
at page.AddCustomerPage.selectFromDropDown(AddCustomerPage.java:51)
at page.AddCustomerPage.selectFromDropDown(AddCustomerPage.java:51)
at page.AddCustomerPage.selectFromDropDown(AddCustomerPage.java:51)
at page.AddCustomerPage.selectFromDropDown(AddCustomerPage.java:51)
at page.AddCustomerPage.selectFromDropDown(AddCustomerPage.java:51)
at page.AddCustomerPage.selectFromDropDown(AddCustomerPage.java:51)
at page.AddCustomerPage.selectFromDropDown(AddCustomerPage.java:51)
at page.AddCustomerPage.selectFromDropDown(AddCustomerPage.java:51)
at page.AddCustomerPage.selectFromDropDown(AddCustomerPage.java:51)
at page.AddCustomerPage.selectFromDropDown(AddCustomerPage.java:51)
at page.AddCustomerPage.selectFromDropDown(AddCustomerPage.java:51)
at page.AddCustomerPage.selectFromDropDown(AddCustomerPage.java:51)
at page.AddCustomerPage.selectFromDropDown(AddCustomerPage.java:51)
at page.AddCustomerPage.selectFromDropDown(AddCustomerPage.java:51)
at page.AddCustomerPage.selectFromDropDown(AddCustomerPage.java:51)
at page.AddCustomerPage.selectFromDropDown(AddCustomerPage.java:51)
at page.AddCustomerPage.selectFromDropDown(AddCustomerPage.java:51)
at page.AddCustomerPage.selectFromDropDown(AddCustomerPage.java:51)
at page.AddCustomerPage.selectFromDropDown(AddCustomerPage.java:51)
at page.AddCustomerPage.selectFromDropDown(AddCustomerPage.java:51)
at page.AddCustomerPage.selectFromDropDown(AddCustomerPage.java:51)
at page.AddCustomerPage.selectFromDropDown(AddCustomerPage.java:51)
at page.AddCustomerPage.selectFromDropDown(AddCustomerPage.java:51)
at page.AddCustomerPage.selectFromDropDown(AddCustomerPage.java:51)
at page.AddCustomerPage.selectFromDropDown(AddCustomerPage.java:51)
at page.AddCustomerPage.selectFromDropDown(AddCustomerPage.java:51)
at page.AddCustomerPage.selectFromDropDown(AddCustomerPage.java:51)
at page.AddCustomerPage.selectFromDropDown(AddCustomerPage.java:51)
at page.AddCustomerPage.selectFromDropDown(AddCustomerPage.java:51)
at page.AddCustomerPage.selectFromDropDown(AddCustomerPage.java:51)
at page.AddCustomerPage.selectFromDropDown(AddCustomerPage.java:51)
at page.AddCustomerPage.selectFromDropDown(AddCustomerPage.java:51)
at page.AddCustomerPage.selectFromDropDown(AddCustomerPage.java:51)
at page.AddCustomerPage.selectFromDropDown(AddCustomerPage.java:51)
at page.AddCustomerPage.selectFromDropDown(AddCustomerPage.java:51)
at page.AddCustomerPage.selectFromDropDown(AddCustomerPage.java:51)
at page.AddCustomerPage.selectFromDropDown(AddCustomerPage.java:51)
at page.AddCustomerPage.selectFromDropDown(AddCustomerPage.java:51)
at page.AddCustomerPage.selectFromDropDown(AddCustomerPage.java:51)
at page.AddCustomerPage.selectFromDropDown(AddCustomerPage.java:51)
at page.AddCustomerPage.selectFromDropDown(AddCustomerPage.java:51)
at page.AddCustomerPage.selectFromDropDown(AddCustomerPage.java:51)
at page.AddCustomerPage.selectFromDropDown(AddCustomerPage.java:51)
at page.AddCustomerPage.selectFromDropDown(AddCustomerPage.java:51)
at page.AddCustomerPage.selectFromDropDown(AddCustomerPage.java:51)
at page.AddCustomerPage.selectFromDropDown(AddCustomerPage.java:51)
at page.AddCustomerPage.selectFromDropDown(AddCustomerPage.java:51)
at page.AddCustomerPage.selectFromDropDown(AddCustomerPage.java:51)
at page.AddCustomerPage.selectFromDropDown(AddCustomerPage.java:51)
at page.AddCustomerPage.selectFromDropDown(AddCustomerPage.java:51)
at page.AddCustomerPage.selectFromDropDown(AddCustomerPage.java:51)
at page.AddCustomerPage.selectFromDropDown(AddCustomerPage.java:51)
at page.AddCustomerPage.selectFromDropDown(AddCustomerPage.java:51)
at page.AddCustomerPage.selectFromDropDown(AddCustomerPage.java:51)
at page.AddCustomerPage.selectFromDropDown(AddCustomerPage.java:51)
at page.AddCustomerPage.selectFromDropDown(AddCustomerPage.java:51)
at page.AddCustomerPage.selectFromDropDown(AddCustomerPage.java:51)
at page.AddCustomerPage.selectFromDropDown(AddCustomerPage.java:51)
at page.AddCustomerPage.selectFromDropDown(AddCustomerPage.java:51)
at page.AddCustomerPage.selectFromDropDown(AddCustomerPage.java:51)
at page.AddCustomerPage.selectFromDropDown(AddCustomerPage.java:51)
at page.AddCustomerPage.selectFromDropDown(AddCustomerPage.java:51)
at page.AddCustomerPage.selectFromDropDown(AddCustomerPage.java:51)
at page.AddCustomerPage.selectFromDropDown(AddCustomerPage.java:51)
at page.AddCustomerPage.selectFromDropDown(AddCustomerPage.java:51)
at page.AddCustomerPage.selectFromDropDown(AddCustomerPage.java:51)
at page.AddCustomerPage.selectFromDropDown(AddCustomerPage.java:51)
at page.AddCustomerPage.selectFromDropDown(AddCustomerPage.java:51)
at page.AddCustomerPage.selectFromDropDown(AddCustomerPage.java:51)
at page.AddCustomerPage.selectFromDropDown(AddCustomerPage.java:51)
at page.AddCustomerPage.selectFromDropDown(AddCustomerPage.java:51)
at page.AddCustomerPage.selectFromDropDown(AddCustomerPage.java:51)
at page.AddCustomerPage.selectFromDropDown(AddCustomerPage.java:51)
at page.AddCustomerPage.selectFromDropDown(AddCustomerPage.java:51)
at page.AddCustomerPage.selectFromDropDown(AddCustomerPage.java:51)
at page.AddCustomerPage.selectFromDropDown(AddCustomerPage.java:51)
at page.AddCustomerPage.selectFromDropDown(AddCustomerPage.java:51)
at page.AddCustomerPage.selectFromDropDown(AddCustomerPage.java:51)
at page.AddCustomerPage.selectFromDropDown(AddCustomerPage.java:51)
at page.AddCustomerPage.selectFromDropDown(AddCustomerPage.java:51)
at page.AddCustomerPage.selectFromDropDown(AddCustomerPage.java:51)
at page.AddCustomerPage.selectFromDropDown(AddCustomerPage.java:51)
at page.AddCustomerPage.selectFromDropDown(AddCustomerPage.java:51)
at page.AddCustomerPage.selectFromDropDown(AddCustomerPage.java:51)
at page.AddCustomerPage.selectFromDropDown(AddCustomerPage.java:51)
at page.AddCustomerPage.selectFromDropDown(AddCustomerPage.java:51)
at page.AddCustomerPage.selectFromDropDown(AddCustomerPage.java:51)
at page.AddCustomerPage.selectFromDropDown(AddCustomerPage.java:51)
at page.AddCustomerPage.selectFromDropDown(AddCustomerPage.java:51)
at page.AddCustomerPage.selectFromDropDown(AddCustomerPage.java:51)
at page.AddCustomerPage.selectFromDropDown(AddCustomerPage.java:51)
at page.AddCustomerPage.selectFromDropDown(AddCustomerPage.java:51)
at page.AddCustomerPage.selectFromDropDown(AddCustomerPage.java:51)
at page.AddCustomerPage.selectFromDropDown(AddCustomerPage.java:51)
at page.AddCustomerPage.selectFromDropDown(AddCustomerPage.java:51)
at page.AddCustomerPage.selectFromDropDown(AddCustomerPage.java:51)
at page.AddCustomerPage.selectFromDropDown(AddCustomerPage.java:51)
at page.AddCustomerPage.selectFromDropDown(AddCustomerPage.java:51)
at page.AddCustomerPage.selectFromDropDown(AddCustomerPage.java:51)
at page.AddCustomerPage.selectFromDropDown(AddCustomerPage.java:51)
at page.AddCustomerPage.selectFromDropDown(AddCustomerPage.java:51)
at page.AddCustomerPage.selectFromDropDown(AddCustomerPage.java:51)
at page.AddCustomerPage.selectFromDropDown(AddCustomerPage.java:51)
at page.AddCustomerPage.selectFromDropDown(AddCustomerPage.java:51)
at page.AddCustomerPage.selectFromDropDown(AddCustomerPage.java:51)
at page.AddCustomerPage.selectFromDropDown(AddCustomerPage.java:51)
at page.AddCustomerPage.selectFromDropDown(AddCustomerPage.java:51)
at page.AddCustomerPage.selectFromDropDown(AddCustomerPage.java:51)
at page.AddCustomerPage.selectFromDropDown(AddCustomerPage.java:51)
at page.AddCustomerPage.selectFromDropDown(AddCustomerPage.java:51)
at page.AddCustomerPage.selectFromDropDown(AddCustomerPage.java:51)
at page.AddCustomerPage.selectFromDropDown(AddCustomerPage.java:51)
at page.AddCustomerPage.selectFromDropDown(AddCustomerPage.java:51)
at page.AddCustomerPage.selectFromDropDown(AddCustomerPage.java:51)
at page.AddCustomerPage.selectFromDropDown(AddCustomerPage.java:51)
at page.AddCustomerPage.selectFromDropDown(AddCustomerPage.java:51)
at page.AddCustomerPage.selectFromDropDown(AddCustomerPage.java:51)
at page.AddCustomerPage.selectFromDropDown(AddCustomerPage.java:51)
at page.AddCustomerPage.selectFromDropDown(AddCustomerPage.java:51)
at page.AddCustomerPage.selectFromDropDown(AddCustomerPage.java:51)
at page.AddCustomerPage.selectFromDropDown(AddCustomerPage.java:51)
at page.AddCustomerPage.selectFromDropDown(AddCustomerPage.java:51)
at page.AddCustomerPage.selectFromDropDown(AddCustomerPage.java:51)
at page.AddCustomerPage.selectFromDropDown(AddCustomerPage.java:51)
at page.AddCustomerPage.selectFromDropDown(AddCustomerPage.java:51)
at page.AddCustomerPage.selectFromDropDown(AddCustomerPage.java:51)
at page.AddCustomerPage.selectFromDropDown(AddCustomerPage.java:51)
at page.AddCustomerPage.selectFromDropDown(AddCustomerPage.java:51)
at page.AddCustomerPage.selectFromDropDown(AddCustomerPage.java:51)
at page.AddCustomerPage.selectFromDropDown(AddCustomerPage.java:51)
at page.AddCustomerPage.selectFromDropDown(AddCustomerPage.java:51)
at page.AddCustomerPage.selectFromDropDown(AddCustomerPage.java:51)
at page.AddCustomerPage.selectFromDropDown(AddCustomerPage.java:51)
at page.AddCustomerPage.selectFromDropDown(AddCustomerPage.java:51)
at page.AddCustomerPage.selectFromDropDown(AddCustomerPage.java:51)
at page.AddCustomerPage.selectFromDropDown(AddCustomerPage.java:51)
at page.AddCustomerPage.selectFromDropDown(AddCustomerPage.java:51)
at page.AddCustomerPage.selectFromDropDown(AddCustomerPage.java:51)
at page.AddCustomerPage.selectFromDropDown(AddCustomerPage.java:51)
at page.AddCustomerPage.selectFromDropDown(AddCustomerPage.java:51)
at page.AddCustomerPage.selectFromDropDown(AddCustomerPage.java:51)
at page.AddCustomerPage.selectFromDropDown(AddCustomerPage.java:51)
at page.AddCustomerPage.selectFromDropDown(AddCustomerPage.java:51)
at page.AddCustomerPage.selectFromDropDown(AddCustomerPage.java:51)
at page.AddCustomerPage.selectFromDropDown(AddCustomerPage.java:51)
at page.AddCustomerPage.selectFromDropDown(AddCustomerPage.java:51)
at page.AddCustomerPage.selectFromDropDown(AddCustomerPage.java:51)
at page.AddCustomerPage.selectFromDropDown(AddCustomerPage.java:51)
at page.AddCustomerPage.selectFromDropDown(AddCustomerPage.java:51)
at page.AddCustomerPage.selectFromDropDown(AddCustomerPage.java:51)
at page.AddCustomerPage.selectFromDropDown(AddCustomerPage.java:51)
at page.AddCustomerPage.selectFromDropDown(AddCustomerPage.java:51)
at page.AddCustomerPage.selectFromDropDown(AddCustomerPage.java:51)
at page.AddCustomerPage.selectFromDropDown(AddCustomerPage.java:51)
at page.AddCustomerPage.selectFromDropDown(AddCustomerPage.java:51)
at page.AddCustomerPage.selectFromDropDown(AddCustomerPage.java:51)
at page.AddCustomerPage.selectFromDropDown(AddCustomerPage.java:51)
at page.AddCustomerPage.selectFromDropDown(AddCustomerPage.java:51)
at page.AddCustomerPage.selectFromDropDown(AddCustomerPage.java:51)
at page.AddCustomerPage.selectFromDropDown(AddCustomerPage.java:51)
at page.AddCustomerPage.selectFromDropDown(AddCustomerPage.java:51)
at page.AddCustomerPage.selectFromDropDown(AddCustomerPage.java:51)
at page.AddCustomerPage.selectFromDropDown(AddCustomerPage.java:51)
at page.AddCustomerPage.selectFromDropDown(AddCustomerPage.java:51)
at page.AddCustomerPage.selectFromDropDown(AddCustomerPage.java:51)
at page.AddCustomerPage.selectFromDropDown(AddCustomerPage.java:51)
at page.AddCustomerPage.selectFromDropDown(AddCustomerPage.java:51)
at page.AddCustomerPage.selectFromDropDown(AddCustomerPage.java:51)
at page.AddCustomerPage.selectFromDropDown(AddCustomerPage.java:51)
at page.AddCustomerPage.selectFromDropDown(AddCustomerPage.java:51)
at page.AddCustomerPage.selectFromDropDown(AddCustomerPage.java:51)
at page.AddCustomerPage.selectFromDropDown(AddCustomerPage.java:51)
at page.AddCustomerPage.selectFromDropDown(AddCustomerPage.java:51)
at page.AddCustomerPage.selectFromDropDown(AddCustomerPage.java:51)
at page.AddCustomerPage.selectFromDropDown(AddCustomerPage.java:51)
at page.AddCustomerPage.selectFromDropDown(AddCustomerPage.java:51)
at page.AddCustomerPage.selectFromDropDown(AddCustomerPage.java:51)
at page.AddCustomerPage.selectFromDropDown(AddCustomerPage.java:51)
at page.AddCustomerPage.selectFromDropDown(AddCustomerPage.java:51)
at page.AddCustomerPage.selectFromDropDown(AddCustomerPage.java:51)
at page.AddCustomerPage.selectFromDropDown(AddCustomerPage.java:51)
at page.AddCustomerPage.selectFromDropDown(AddCustomerPage.java:51)
at page.AddCustomerPage.selectFromDropDown(AddCustomerPage.java:51)
at page.AddCustomerPage.selectFromDropDown(AddCustomerPage.java:51)
at page.AddCustomerPage.selectFromDropDown(AddCustomerPage.java:51)
at page.AddCustomerPage.selectFromDropDown(AddCustomerPage.java:51)
at page.AddCustomerPage.selectFromDropDown(AddCustomerPage.java:51)
at page.AddCustomerPage.selectFromDropDown(AddCustomerPage.java:51)
at page.AddCustomerPage.selectFromDropDown(AddCustomerPage.java:51)
at page.AddCustomerPage.selectFromDropDown(AddCustomerPage.java:51)
at page.AddCustomerPage.selectFromDropDown(AddCustomerPage.java:51)
at page.AddCustomerPage.selectFromDropDown(AddCustomerPage.java:51)
at page.AddCustomerPage.selectFromDropDown(AddCustomerPage.java:51)
at page.AddCustomerPage.selectFromDropDown(AddCustomerPage.java:51)
at page.AddCustomerPage.selectFromDropDown(AddCustomerPage.java:51)
at page.AddCustomerPage.selectFromDropDown(AddCustomerPage.java:51)
at page.AddCustomerPage.selectFromDropDown(AddCustomerPage.java:51)
at page.AddCustomerPage.selectFromDropDown(AddCustomerPage.java:51)
at page.AddCustomerPage.selectFromDropDown(AddCustomerPage.java:51)
at page.AddCustomerPage.selectFromDropDown(AddCustomerPage.java:51)
at page.AddCustomerPage.selectFromDropDown(AddCustomerPage.java:51)
at page.AddCustomerPage.selectFromDropDown(AddCustomerPage.java:51)
at page.AddCustomerPage.selectFromDropDown(AddCustomerPage.java:51)
at page.AddCustomerPage.selectFromDropDown(AddCustomerPage.java:51)
at page.AddCustomerPage.selectFromDropDown(AddCustomerPage.java:51)
at page.AddCustomerPage.selectFromDropDown(AddCustomerPage.java:51)
at page.AddCustomerPage.selectFromDropDown(AddCustomerPage.java:51)
at page.AddCustomerPage.selectFromDropDown(AddCustomerPage.java:51)
at page.AddCustomerPage.selectFromDropDown(AddCustomerPage.java:51)
at page.AddCustomerPage.selectFromDropDown(AddCustomerPage.java:51)
at page.AddCustomerPage.selectFromDropDown(AddCustomerPage.java:51)
at page.AddCustomerPage.selectFromDropDown(AddCustomerPage.java:51)
at page.AddCustomerPage.selectFromDropDown(AddCustomerPage.java:51)
at page.AddCustomerPage.selectFromDropDown(AddCustomerPage.java:51)
at page.AddCustomerPage.selectFromDropDown(AddCustomerPage.java:51)
at page.AddCustomerPage.selectFromDropDown(AddCustomerPage.java:51)
at page.AddCustomerPage.selectFromDropDown(AddCustomerPage.java:51)
at page.AddCustomerPage.selectFromDropDown(AddCustomerPage.java:51)
at page.AddCustomerPage.selectFromDropDown(AddCustomerPage.java:51)
at page.AddCustomerPage.selectFromDropDown(AddCustomerPage.java:51)
at page.AddCustomerPage.selectFromDropDown(AddCustomerPage.java:51)
at page.AddCustomerPage.selectFromDropDown(AddCustomerPage.java:51)
at page.AddCustomerPage.selectFromDropDown(AddCustomerPage.java:51)
at page.AddCustomerPage.selectFromDropDown(AddCustomerPage.java:51)
at page.AddCustomerPage.selectFromDropDown(AddCustomerPage.java:51)
at page.AddCustomerPage.selectFromDropDown(AddCustomerPage.java:51)
at page.AddCustomerPage.selectFromDropDown(AddCustomerPage.java:51)
at page.AddCustomerPage.selectFromDropDown(AddCustomerPage.java:51)
at page.AddCustomerPage.selectFromDropDown(AddCustomerPage.java:51)
at page.AddCustomerPage.selectFromDropDown(AddCustomerPage.java:51)
at page.AddCustomerPage.selectFromDropDown(AddCustomerPage.java:51)
at page.AddCustomerPage.selectFromDropDown(AddCustomerPage.java:51)
at page.AddCustomerPage.selectFromDropDown(AddCustomerPage.java:51)
at page.AddCustomerPage.selectFromDropDown(AddCustomerPage.java:51)
at page.AddCustomerPage.selectFromDropDown(AddCustomerPage.java:51)
at page.AddCustomerPage.selectFromDropDown(AddCustomerPage.java:51)
at page.AddCustomerPage.selectFromDropDown(AddCustomerPage.java:51)
at page.AddCustomerPage.selectFromDropDown(AddCustomerPage.java:51)
at page.AddCustomerPage.selectFromDropDown(AddCustomerPage.java:51)
at page.AddCustomerPage.selectFromDropDown(AddCustomerPage.java:51)
at page.AddCustomerPage.selectFromDropDown(AddCustomerPage.java:51)
at page.AddCustomerPage.selectFromDropDown(AddCustomerPage.java:51)
at page.AddCustomerPage.selectFromDropDown(AddCustomerPage.java:51)
at page.AddCustomerPage.selectFromDropDown(AddCustomerPage.java:51)
at page.AddCustomerPage.selectFromDropDown(AddCustomerPage.java:51)
]]>
    </error>
  </testcase> <!-- validUserShouldBeAbleToCreateCustomer -->
  <system-out/>
</testsuite> <!-- test.AddCustomerTest -->
