<?xml version="1.0" encoding="UTF-8"?>
<!-- Generated by org.testng.reporters.JUnitReportReporter -->
<testsuite skipped="0" hostname="LAPTOP-OMB69JNR" name="test.LoginTest" tests="1" failures="0" timestamp="2022-03-12T20:25:55 CST" time="5.092" errors="0">
  <testcase name="validUserShouldBeAbleToLogin" time="5.092" classname="test.LoginTest"/>
  <system-out/>
</testsuite> <!-- test.LoginTest -->
